<?xml version="1.0" encoding="UTF-8"?>
<!-- Generated by org.testng.reporters.JUnitXMLReporter -->
<testsuite ignored="0" hostname="DESKTOP-Q7KOQDL" failures="0" tests="5" name="Power Ads Spy Api Test" time="141.374" errors="0" timestamp="2022-06-20T10:16:25 IST">
  <testcase classname="com.power.api.test.Poweradspy_Facebook_Api_Test" name="getFacebookResponce" time="39.166"/>
  <testcase classname="com.power.api.test.Poweradspy_Insta_Api_Test" name="getInstaResponce" time="18.344"/>
  <testcase classname="com.power.api.test.Poweradspy_Youtube_Api_Test" name="getYoutubeResponce" time="21.879"/>
  <testcase classname="com.power.api.test.Poweradspy_Quora_Api_Test" name="getQuoraResponce" time="39.997"/>
  <testcase classname="com.power.api.test.Poweradspy_Pintrest_Api_Test" name="getPintrestResponce" time="21.835"/>
</testsuite> <!-- Power Ads Spy Api Test -->
