<?xml version="1.0" encoding="UTF-8"?>
<!-- Generated by org.testng.reporters.JUnitXMLReporter -->
<testsuite ignored="0" hostname="DESKTOP-PJJHB19" failures="0" tests="5" name="PowerAdSpy Api Test" time="94.426" errors="0" timestamp="2022-11-17T09:55:27 IST">
  <testcase classname="com.power.api.test.Poweradspy_Facebook_Api_Test" name="getFacebookResponce" time="29.394"/>
  <testcase classname="com.power.api.test.Poweradspy_Insta_Api_Test" name="getInstaResponce" time="1.209"/>
  <testcase classname="com.power.api.test.Poweradspy_Youtube_Api_Test" name="getYoutubeResponce" time="1.084"/>
  <testcase classname="com.power.api.test.Poweradspy_Quora_Api_Test" name="getQuoraResponce" time="33.205"/>
  <testcase classname="com.power.api.test.Poweradspy_Pintrest_Api_Test" name="getPintrestResponce" time="29.175"/>
</testsuite> <!-- PowerAdSpy Api Test -->
